
> eventsphere@0.1.0 build
> next build

Γû▓ Next.js 16.1.6 (Turbopack)
- Environments: .env

npm : ΓÜá The "middleware" file 
convention is deprecated. Please use 
"proxy" instead. Learn more: https://n
extjs.org/docs/messages/middleware-to-
proxy
At line:1 char:1
+ npm run build > build_output2.log 
2>&1
+ 
~~~~~~~~~~~~~~~~~~~~~~~~~~~~~~~~~~~~~~
    + CategoryInfo          :     
NotSpecified: (ΓÜá The "mi    
ddle...leware-to-proxy:Str    ing) 
[], RemoteException
    + FullyQualifiedErrorId :     
NativeCommandError
 
  Creating an optimized production build ...
Γ£ô Compiled successfully in 5.1s
  Running TypeScript ...
  Collecting page data using 11 workers ...
  Generating static pages using 11 workers (0/19) ...
  Generating static pages using 11 workers (4/19) 
  Generating static pages using 11 workers (9/19) 
  Generating static pages using 11 workers (14/19) 
Γ£ô Generating static pages using 11 workers (19/19) in 504.2ms
  Finalizing page optimization ...

Route (app)
Γöî Γùï /
Γö£ Γùï /_not-found
Γö£ ╞Æ /admin/events
Γö£ ╞Æ /admin/registrations
Γö£ ╞Æ /api/admin/events
Γö£ ╞Æ /api/admin/events/[id]
Γö£ ╞Æ /api/admin/registrations
Γö£ ╞Æ /api/events
Γö£ ╞Æ /api/events/[id]
Γö£ ╞Æ /api/register
Γö£ ╞Æ /api/register/[id]
Γö£ ╞Æ /api/seed
Γö£ ╞Æ /api/upload
Γö£ ╞Æ /api/user/profile
Γö£ ╞Æ /auth/signout
Γö£ ╞Æ /bookings
Γö£ ╞Æ /dashboard
Γö£ ╞Æ /explore
Γö£ Γùï /login
Γöö ╞Æ /student/dashboard


╞Æ Proxy (Middleware)

Γùï  (Static)   prerendered as static content
╞Æ  (Dynamic)  server-rendered on demand

