docker : #0 building with 
"desktop-linux" instance using 
docker driver
At line:1 char:1
+ docker build -t 
ayush5091/event-sphere:latest 
--progress=plain . > do ...
+ ~~~~~~~~~~~~~~~~~~~~~~~~~~~~~
~~~~~~~~~~~~~~~~~~~~~~~~~~~~~~~
~~~~~~~~~
    + CategoryInfo          :  
   NotSpecified: (#0 building  
   wit...g docker driver:Str   
 ing) [], RemoteException
    + FullyQualifiedErrorId :  
   NativeCommandError
 

#1 [internal] load build 
definition from Dockerfile
#1 transferring dockerfile: 
866B done
#1 DONE 0.0s

#2 [internal] load metadata 
for docker.io/library/node:20-a
lpine
#2 DONE 0.4s

#3 [internal] load 
.dockerignore
#3 transferring context: 127B 
done
#3 DONE 0.0s

#4 [builder 1/6] FROM docker.io
/library/node:20-alpine@sha256:
09e2b3d9726018aecf269bd35325f46
bf75046a643a66d28360ec71132750e
c8
#4 resolve docker.io/library/no
de:20-alpine@sha256:09e2b3d9726
018aecf269bd35325f46bf75046a643
a66d28360ec71132750ec8 0.0s 
done
#4 DONE 0.0s

#5 [internal] load build 
context
#5 transferring context: 
5.46kB 0.0s done
#5 DONE 0.0s

#6 [builder 3/6] COPY 
package*.json ./
#6 CACHED

#7 [builder 2/6] WORKDIR /app
#7 CACHED

#8 [stage-1 4/7] RUN npm ci 
--only=production
#8 CACHED

#9 [builder 4/6] RUN npm 
install
#9 CACHED

#10 [builder 5/6] COPY . .
#10 DONE 0.0s

#11 [builder 6/6] RUN npm run 
build
#11 0.386 
#11 0.386 > eventsphere@0.1.0 
build
#11 0.386 > next build
#11 0.386 
#11 1.299 Attention: Next.js 
now collects completely 
anonymous telemetry regarding 
usage.
#11 1.300 This information is 
used to shape Next.js' roadmap 
and prioritize features.
#11 1.300 You can learn more, 
including how to opt-out if 
you'd not like to participate 
in this anonymous program, by 
visiting the following URL:
#11 1.300 
https://nextjs.org/telemetry
#11 1.300 
#11 1.313 Γû▓ Next.js 16.1.6 
(Turbopack)
#11 1.313 
#11 1.371 ΓÜá The "middleware" 
file convention is deprecated. 
Please use "proxy" instead. 
Learn more: https://nextjs.org/
docs/messages/middleware-to-pro
xy
#11 1.404   Creating an 
optimized production build ...
#11 7.032 Γ£ô Compiled 
successfully in 4.9s
#11 7.040   Running TypeScript 
...
#11 12.34   Collecting page 
data using 11 workers ...
#11 13.28 Error: supabaseUrl 
is required.
#11 13.28     at module 
evaluation (.next/server/chunks
/[root-of-the-server]__9e509fd0
._.js:1:1151)
#11 13.28     at 
instantiateModule (.next/server
/chunks/[turbopack]_runtime.js:
740:9)
#11 13.28     at getOrInstantia
teModuleFromParent (.next/serve
r/chunks/[turbopack]_runtime.js
:763:12)
#11 13.28     at 
Context.esmImport [as i] (.next
/server/chunks/[turbopack]_runt
ime.js:228:20)
#11 13.28     at module 
evaluation (.next/server/chunks
/[root-of-the-server]__9e509fd0
._.js:1:1595)
#11 13.28     at 
instantiateModule (.next/server
/chunks/[turbopack]_runtime.js:
740:9)
#11 13.28     at 
instantiateRuntimeModule (.next
/server/chunks/[turbopack]_runt
ime.js:768:12)
#11 13.64 
#11 13.64 > Build error 
occurred
#11 13.64 Error: Failed to 
collect page data for 
/api/events/[id]
#11 13.64     at ignore-listed 
frames {
#11 13.64   type: 'Error'
#11 13.64 }
#11 ERROR: process "/bin/sh -c 
npm run build" did not 
complete successfully: exit 
code: 1
------
 > [builder 6/6] RUN npm run 
build:
13.28     at Context.esmImport 
[as i] (.next/server/chunks/[tu
rbopack]_runtime.js:228:20)
13.28     at module evaluation 
(.next/server/chunks/[root-of-t
he-server]__9e509fd0._.js:1:159
5)
13.28     at instantiateModule 
(.next/server/chunks/[turbopack
]_runtime.js:740:9)
13.28     at 
instantiateRuntimeModule (.next
/server/chunks/[turbopack]_runt
ime.js:768:12)
13.64 
13.64 > Build error occurred
13.64 Error: Failed to collect 
page data for /api/events/[id]
13.64     at ignore-listed 
frames {
13.64   type: 'Error'
13.64 }
------
Dockerfile:17
--------------------
  15 |     
  16 |     # Build the Next.js 
application
  17 | >>> RUN npm run build
  18 |     
  19 |     # Stage 2: 
Production
--------------------
ERROR: failed to build: failed 
to solve: process "/bin/sh -c 
npm run build" did not 
complete successfully: exit 
code: 1

View build details: docker-desk
top://dashboard/build/desktop-l
inux/desktop-linux/1aw58v2o0yo2
g7z5hfy3ekw4i
